<?xml version="1.0" encoding="UTF-8"?>
<testsuite xmlns:xsi="http://www.w3.org/2001/XMLSchema-instance" xsi:noNamespaceSchemaLocation="https://maven.apache.org/surefire/maven-surefire-plugin/xsd/surefire-test-report-3.0.xsd" version="3.0" name="TS_Google_JUnit" time="43.608" tests="3" errors="0" skipped="0" failures="1">
  <properties>
    <property name="java.specification.version" value="21"/>
    <property name="webdriver.chrome.driver" value="/Users/niyomubyeyialine/.cache/selenium/chromedriver/mac-arm64/125.0.6422.76/chromedriver"/>
    <property name="sun.jnu.encoding" value="UTF-8"/>
    <property name="java.class.path" value="/Users/niyomubyeyialine/Documents/Development/Automation/Automation-Projects/Automation-JAV-Google-Aline/target/test-classes:/Users/niyomubyeyialine/Documents/Development/Automation/Automation-Projects/Automation-JAV-Google-Aline/target/classes:/Users/niyomubyeyialine/.m2/repository/org/seleniumhq/selenium/selenium-java/4.19.1/selenium-java-4.19.1.jar:/Users/niyomubyeyialine/.m2/repository/org/seleniumhq/selenium/selenium-api/4.19.1/selenium-api-4.19.1.jar:/Users/niyomubyeyialine/.m2/repository/org/seleniumhq/selenium/selenium-chrome-driver/4.19.1/selenium-chrome-driver-4.19.1.jar:/Users/niyomubyeyialine/.m2/repository/com/google/auto/service/auto-service-annotations/1.1.1/auto-service-annotations-1.1.1.jar:/Users/niyomubyeyialine/.m2/repository/org/seleniumhq/selenium/selenium-chromium-driver/4.19.1/selenium-chromium-driver-4.19.1.jar:/Users/niyomubyeyialine/.m2/repository/org/seleniumhq/selenium/selenium-json/4.19.1/selenium-json-4.19.1.jar:/Users/niyomubyeyialine/.m2/repository/org/seleniumhq/selenium/selenium-manager/4.19.1/selenium-manager-4.19.1.jar:/Users/niyomubyeyialine/.m2/repository/org/seleniumhq/selenium/selenium-devtools-v121/4.19.1/selenium-devtools-v121-4.19.1.jar:/Users/niyomubyeyialine/.m2/repository/org/seleniumhq/selenium/selenium-devtools-v122/4.19.1/selenium-devtools-v122-4.19.1.jar:/Users/niyomubyeyialine/.m2/repository/org/seleniumhq/selenium/selenium-devtools-v123/4.19.1/selenium-devtools-v123-4.19.1.jar:/Users/niyomubyeyialine/.m2/repository/org/seleniumhq/selenium/selenium-devtools-v85/4.19.1/selenium-devtools-v85-4.19.1.jar:/Users/niyomubyeyialine/.m2/repository/org/seleniumhq/selenium/selenium-edge-driver/4.19.1/selenium-edge-driver-4.19.1.jar:/Users/niyomubyeyialine/.m2/repository/org/seleniumhq/selenium/selenium-firefox-driver/4.19.1/selenium-firefox-driver-4.19.1.jar:/Users/niyomubyeyialine/.m2/repository/org/seleniumhq/selenium/selenium-http/4.19.1/selenium-http-4.19.1.jar:/Users/niyomubyeyialine/.m2/repository/dev/failsafe/failsafe/3.3.2/failsafe-3.3.2.jar:/Users/niyomubyeyialine/.m2/repository/org/seleniumhq/selenium/selenium-ie-driver/4.19.1/selenium-ie-driver-4.19.1.jar:/Users/niyomubyeyialine/.m2/repository/org/seleniumhq/selenium/selenium-remote-driver/4.19.1/selenium-remote-driver-4.19.1.jar:/Users/niyomubyeyialine/.m2/repository/com/google/guava/guava/33.1.0-jre/guava-33.1.0-jre.jar:/Users/niyomubyeyialine/.m2/repository/com/google/guava/failureaccess/1.0.2/failureaccess-1.0.2.jar:/Users/niyomubyeyialine/.m2/repository/com/google/guava/listenablefuture/9999.0-empty-to-avoid-conflict-with-guava/listenablefuture-9999.0-empty-to-avoid-conflict-with-guava.jar:/Users/niyomubyeyialine/.m2/repository/com/google/code/findbugs/jsr305/3.0.2/jsr305-3.0.2.jar:/Users/niyomubyeyialine/.m2/repository/org/checkerframework/checker-qual/3.42.0/checker-qual-3.42.0.jar:/Users/niyomubyeyialine/.m2/repository/com/google/errorprone/error_prone_annotations/2.26.1/error_prone_annotations-2.26.1.jar:/Users/niyomubyeyialine/.m2/repository/com/google/j2objc/j2objc-annotations/3.0.0/j2objc-annotations-3.0.0.jar:/Users/niyomubyeyialine/.m2/repository/io/opentelemetry/semconv/opentelemetry-semconv/1.23.1-alpha/opentelemetry-semconv-1.23.1-alpha.jar:/Users/niyomubyeyialine/.m2/repository/io/opentelemetry/opentelemetry-api/1.36.0/opentelemetry-api-1.36.0.jar:/Users/niyomubyeyialine/.m2/repository/io/opentelemetry/opentelemetry-context/1.36.0/opentelemetry-context-1.36.0.jar:/Users/niyomubyeyialine/.m2/repository/io/opentelemetry/opentelemetry-exporter-logging/1.36.0/opentelemetry-exporter-logging-1.36.0.jar:/Users/niyomubyeyialine/.m2/repository/io/opentelemetry/opentelemetry-sdk-common/1.36.0/opentelemetry-sdk-common-1.36.0.jar:/Users/niyomubyeyialine/.m2/repository/io/opentelemetry/opentelemetry-sdk-extension-autoconfigure-spi/1.36.0/opentelemetry-sdk-extension-autoconfigure-spi-1.36.0.jar:/Users/niyomubyeyialine/.m2/repository/io/opentelemetry/opentelemetry-sdk-extension-autoconfigure/1.36.0/opentelemetry-sdk-extension-autoconfigure-1.36.0.jar:/Users/niyomubyeyialine/.m2/repository/io/opentelemetry/opentelemetry-api-events/1.36.0-alpha/opentelemetry-api-events-1.36.0-alpha.jar:/Users/niyomubyeyialine/.m2/repository/io/opentelemetry/opentelemetry-sdk-trace/1.36.0/opentelemetry-sdk-trace-1.36.0.jar:/Users/niyomubyeyialine/.m2/repository/io/opentelemetry/opentelemetry-extension-incubator/1.36.0-alpha/opentelemetry-extension-incubator-1.36.0-alpha.jar:/Users/niyomubyeyialine/.m2/repository/io/opentelemetry/opentelemetry-sdk/1.36.0/opentelemetry-sdk-1.36.0.jar:/Users/niyomubyeyialine/.m2/repository/io/opentelemetry/opentelemetry-sdk-metrics/1.36.0/opentelemetry-sdk-metrics-1.36.0.jar:/Users/niyomubyeyialine/.m2/repository/io/opentelemetry/opentelemetry-sdk-logs/1.36.0/opentelemetry-sdk-logs-1.36.0.jar:/Users/niyomubyeyialine/.m2/repository/org/seleniumhq/selenium/selenium-os/4.19.1/selenium-os-4.19.1.jar:/Users/niyomubyeyialine/.m2/repository/org/apache/commons/commons-exec/1.3/commons-exec-1.3.jar:/Users/niyomubyeyialine/.m2/repository/org/seleniumhq/selenium/selenium-safari-driver/4.19.1/selenium-safari-driver-4.19.1.jar:/Users/niyomubyeyialine/.m2/repository/org/seleniumhq/selenium/selenium-support/4.19.1/selenium-support-4.19.1.jar:/Users/niyomubyeyialine/.m2/repository/org/junit/jupiter/junit-jupiter-engine/5.10.2/junit-jupiter-engine-5.10.2.jar:/Users/niyomubyeyialine/.m2/repository/org/junit/platform/junit-platform-engine/1.10.2/junit-platform-engine-1.10.2.jar:/Users/niyomubyeyialine/.m2/repository/org/apiguardian/apiguardian-api/1.1.2/apiguardian-api-1.1.2.jar:/Users/niyomubyeyialine/.m2/repository/org/junit/jupiter/junit-jupiter-api/5.10.2/junit-jupiter-api-5.10.2.jar:/Users/niyomubyeyialine/.m2/repository/org/opentest4j/opentest4j/1.3.0/opentest4j-1.3.0.jar:/Users/niyomubyeyialine/.m2/repository/org/junit/platform/junit-platform-commons/1.10.2/junit-platform-commons-1.10.2.jar:/Users/niyomubyeyialine/.m2/repository/org/junit/jupiter/junit-jupiter-params/5.10.2/junit-jupiter-params-5.10.2.jar:/Users/niyomubyeyialine/.m2/repository/org/apache/maven/maven-model/3.9.6/maven-model-3.9.6.jar:/Users/niyomubyeyialine/.m2/repository/org/codehaus/plexus/plexus-utils/3.5.1/plexus-utils-3.5.1.jar:/Users/niyomubyeyialine/.m2/repository/io/qameta/allure/allure-junit5/2.27.0/allure-junit5-2.27.0.jar:/Users/niyomubyeyialine/.m2/repository/io/qameta/allure/allure-junit-platform/2.27.0/allure-junit-platform-2.27.0.jar:/Users/niyomubyeyialine/.m2/repository/io/qameta/allure/allure-java-commons/2.27.0/allure-java-commons-2.27.0.jar:/Users/niyomubyeyialine/.m2/repository/io/qameta/allure/allure-model/2.27.0/allure-model-2.27.0.jar:/Users/niyomubyeyialine/.m2/repository/io/qameta/allure/allure-test-filter/2.27.0/allure-test-filter-2.27.0.jar:/Users/niyomubyeyialine/.m2/repository/org/junit/platform/junit-platform-launcher/1.9.2/junit-platform-launcher-1.9.2.jar:/Users/niyomubyeyialine/.m2/repository/ch/qos/logback/logback-classic/1.5.5/logback-classic-1.5.5.jar:/Users/niyomubyeyialine/.m2/repository/ch/qos/logback/logback-core/1.5.5/logback-core-1.5.5.jar:/Users/niyomubyeyialine/.m2/repository/org/slf4j/slf4j-api/2.0.13/slf4j-api-2.0.13.jar:/Users/niyomubyeyialine/.m2/repository/io/github/bonigarcia/webdrivermanager/5.8.0/webdrivermanager-5.8.0.jar:/Users/niyomubyeyialine/.m2/repository/com/google/code/gson/gson/2.10.1/gson-2.10.1.jar:/Users/niyomubyeyialine/.m2/repository/com/github/docker-java/docker-java/3.3.6/docker-java-3.3.6.jar:/Users/niyomubyeyialine/.m2/repository/com/github/docker-java/docker-java-core/3.3.6/docker-java-core-3.3.6.jar:/Users/niyomubyeyialine/.m2/repository/com/github/docker-java/docker-java-api/3.3.6/docker-java-api-3.3.6.jar:/Users/niyomubyeyialine/.m2/repository/com/fasterxml/jackson/core/jackson-annotations/2.10.3/jackson-annotations-2.10.3.jar:/Users/niyomubyeyialine/.m2/repository/com/fasterxml/jackson/core/jackson-databind/2.10.3/jackson-databind-2.10.3.jar:/Users/niyomubyeyialine/.m2/repository/com/fasterxml/jackson/core/jackson-core/2.10.3/jackson-core-2.10.3.jar:/Users/niyomubyeyialine/.m2/repository/org/bouncycastle/bcpkix-jdk18on/1.76/bcpkix-jdk18on-1.76.jar:/Users/niyomubyeyialine/.m2/repository/org/bouncycastle/bcprov-jdk18on/1.76/bcprov-jdk18on-1.76.jar:/Users/niyomubyeyialine/.m2/repository/org/bouncycastle/bcutil-jdk18on/1.76/bcutil-jdk18on-1.76.jar:/Users/niyomubyeyialine/.m2/repository/org/slf4j/jcl-over-slf4j/1.7.30/jcl-over-slf4j-1.7.30.jar:/Users/niyomubyeyialine/.m2/repository/com/github/docker-java/docker-java-transport-httpclient5/3.3.6/docker-java-transport-httpclient5-3.3.6.jar:/Users/niyomubyeyialine/.m2/repository/com/github/docker-java/docker-java-transport/3.3.6/docker-java-transport-3.3.6.jar:/Users/niyomubyeyialine/.m2/repository/net/java/dev/jna/jna/5.13.0/jna-5.13.0.jar:/Users/niyomubyeyialine/.m2/repository/org/brotli/dec/0.1.2/dec-0.1.2.jar:/Users/niyomubyeyialine/.m2/repository/org/apache/commons/commons-lang3/3.14.0/commons-lang3-3.14.0.jar:/Users/niyomubyeyialine/.m2/repository/org/apache/commons/commons-compress/1.26.1/commons-compress-1.26.1.jar:/Users/niyomubyeyialine/.m2/repository/commons-codec/commons-codec/1.16.1/commons-codec-1.16.1.jar:/Users/niyomubyeyialine/.m2/repository/commons-io/commons-io/2.15.1/commons-io-2.15.1.jar:/Users/niyomubyeyialine/.m2/repository/org/apache/httpcomponents/client5/httpclient5/5.2.1/httpclient5-5.2.1.jar:/Users/niyomubyeyialine/.m2/repository/org/apache/httpcomponents/core5/httpcore5/5.2/httpcore5-5.2.jar:/Users/niyomubyeyialine/.m2/repository/org/apache/httpcomponents/core5/httpcore5-h2/5.2/httpcore5-h2-5.2.jar:/Users/niyomubyeyialine/.m2/repository/org/mockito/mockito-core/5.11.0/mockito-core-5.11.0.jar:/Users/niyomubyeyialine/.m2/repository/net/bytebuddy/byte-buddy/1.14.12/byte-buddy-1.14.12.jar:/Users/niyomubyeyialine/.m2/repository/net/bytebuddy/byte-buddy-agent/1.14.12/byte-buddy-agent-1.14.12.jar:/Users/niyomubyeyialine/.m2/repository/org/objenesis/objenesis/3.3/objenesis-3.3.jar:/Users/niyomubyeyialine/.m2/repository/org/mockito/mockito-junit-jupiter/5.11.0/mockito-junit-jupiter-5.11.0.jar:"/>
    <property name="java.vm.vendor" value="Homebrew"/>
    <property name="sun.arch.data.model" value="64"/>
    <property name="java.vendor.url" value="https://github.com/Homebrew/homebrew-core/issues"/>
    <property name="user.timezone" value="Africa/Kigali"/>
    <property name="os.name" value="Mac OS X"/>
    <property name="java.vm.specification.version" value="21"/>
    <property name="sun.java.launcher" value="SUN_STANDARD"/>
    <property name="user.country" value="US"/>
    <property name="sun.boot.library.path" value="/opt/homebrew/Cellar/openjdk/21.0.3/libexec/openjdk.jdk/Contents/Home/lib"/>
    <property name="sun.java.command" value="/Users/niyomubyeyialine/Documents/Development/Automation/Automation-Projects/Automation-JAV-Google-Aline/target/surefire/surefirebooter-20240523134826197_3.jar /Users/niyomubyeyialine/Documents/Development/Automation/Automation-Projects/Automation-JAV-Google-Aline/target/surefire 2024-05-23T13-48-26_154-jvmRun1 surefire-20240523134826197_1tmp surefire_0-20240523134826197_2tmp"/>
    <property name="http.nonProxyHosts" value="local|*.local|169.254/16|*.169.254/16"/>
    <property name="jdk.debug" value="release"/>
    <property name="surefire.test.class.path" value="/Users/niyomubyeyialine/Documents/Development/Automation/Automation-Projects/Automation-JAV-Google-Aline/target/test-classes:/Users/niyomubyeyialine/Documents/Development/Automation/Automation-Projects/Automation-JAV-Google-Aline/target/classes:/Users/niyomubyeyialine/.m2/repository/org/seleniumhq/selenium/selenium-java/4.19.1/selenium-java-4.19.1.jar:/Users/niyomubyeyialine/.m2/repository/org/seleniumhq/selenium/selenium-api/4.19.1/selenium-api-4.19.1.jar:/Users/niyomubyeyialine/.m2/repository/org/seleniumhq/selenium/selenium-chrome-driver/4.19.1/selenium-chrome-driver-4.19.1.jar:/Users/niyomubyeyialine/.m2/repository/com/google/auto/service/auto-service-annotations/1.1.1/auto-service-annotations-1.1.1.jar:/Users/niyomubyeyialine/.m2/repository/org/seleniumhq/selenium/selenium-chromium-driver/4.19.1/selenium-chromium-driver-4.19.1.jar:/Users/niyomubyeyialine/.m2/repository/org/seleniumhq/selenium/selenium-json/4.19.1/selenium-json-4.19.1.jar:/Users/niyomubyeyialine/.m2/repository/org/seleniumhq/selenium/selenium-manager/4.19.1/selenium-manager-4.19.1.jar:/Users/niyomubyeyialine/.m2/repository/org/seleniumhq/selenium/selenium-devtools-v121/4.19.1/selenium-devtools-v121-4.19.1.jar:/Users/niyomubyeyialine/.m2/repository/org/seleniumhq/selenium/selenium-devtools-v122/4.19.1/selenium-devtools-v122-4.19.1.jar:/Users/niyomubyeyialine/.m2/repository/org/seleniumhq/selenium/selenium-devtools-v123/4.19.1/selenium-devtools-v123-4.19.1.jar:/Users/niyomubyeyialine/.m2/repository/org/seleniumhq/selenium/selenium-devtools-v85/4.19.1/selenium-devtools-v85-4.19.1.jar:/Users/niyomubyeyialine/.m2/repository/org/seleniumhq/selenium/selenium-edge-driver/4.19.1/selenium-edge-driver-4.19.1.jar:/Users/niyomubyeyialine/.m2/repository/org/seleniumhq/selenium/selenium-firefox-driver/4.19.1/selenium-firefox-driver-4.19.1.jar:/Users/niyomubyeyialine/.m2/repository/org/seleniumhq/selenium/selenium-http/4.19.1/selenium-http-4.19.1.jar:/Users/niyomubyeyialine/.m2/repository/dev/failsafe/failsafe/3.3.2/failsafe-3.3.2.jar:/Users/niyomubyeyialine/.m2/repository/org/seleniumhq/selenium/selenium-ie-driver/4.19.1/selenium-ie-driver-4.19.1.jar:/Users/niyomubyeyialine/.m2/repository/org/seleniumhq/selenium/selenium-remote-driver/4.19.1/selenium-remote-driver-4.19.1.jar:/Users/niyomubyeyialine/.m2/repository/com/google/guava/guava/33.1.0-jre/guava-33.1.0-jre.jar:/Users/niyomubyeyialine/.m2/repository/com/google/guava/failureaccess/1.0.2/failureaccess-1.0.2.jar:/Users/niyomubyeyialine/.m2/repository/com/google/guava/listenablefuture/9999.0-empty-to-avoid-conflict-with-guava/listenablefuture-9999.0-empty-to-avoid-conflict-with-guava.jar:/Users/niyomubyeyialine/.m2/repository/com/google/code/findbugs/jsr305/3.0.2/jsr305-3.0.2.jar:/Users/niyomubyeyialine/.m2/repository/org/checkerframework/checker-qual/3.42.0/checker-qual-3.42.0.jar:/Users/niyomubyeyialine/.m2/repository/com/google/errorprone/error_prone_annotations/2.26.1/error_prone_annotations-2.26.1.jar:/Users/niyomubyeyialine/.m2/repository/com/google/j2objc/j2objc-annotations/3.0.0/j2objc-annotations-3.0.0.jar:/Users/niyomubyeyialine/.m2/repository/io/opentelemetry/semconv/opentelemetry-semconv/1.23.1-alpha/opentelemetry-semconv-1.23.1-alpha.jar:/Users/niyomubyeyialine/.m2/repository/io/opentelemetry/opentelemetry-api/1.36.0/opentelemetry-api-1.36.0.jar:/Users/niyomubyeyialine/.m2/repository/io/opentelemetry/opentelemetry-context/1.36.0/opentelemetry-context-1.36.0.jar:/Users/niyomubyeyialine/.m2/repository/io/opentelemetry/opentelemetry-exporter-logging/1.36.0/opentelemetry-exporter-logging-1.36.0.jar:/Users/niyomubyeyialine/.m2/repository/io/opentelemetry/opentelemetry-sdk-common/1.36.0/opentelemetry-sdk-common-1.36.0.jar:/Users/niyomubyeyialine/.m2/repository/io/opentelemetry/opentelemetry-sdk-extension-autoconfigure-spi/1.36.0/opentelemetry-sdk-extension-autoconfigure-spi-1.36.0.jar:/Users/niyomubyeyialine/.m2/repository/io/opentelemetry/opentelemetry-sdk-extension-autoconfigure/1.36.0/opentelemetry-sdk-extension-autoconfigure-1.36.0.jar:/Users/niyomubyeyialine/.m2/repository/io/opentelemetry/opentelemetry-api-events/1.36.0-alpha/opentelemetry-api-events-1.36.0-alpha.jar:/Users/niyomubyeyialine/.m2/repository/io/opentelemetry/opentelemetry-sdk-trace/1.36.0/opentelemetry-sdk-trace-1.36.0.jar:/Users/niyomubyeyialine/.m2/repository/io/opentelemetry/opentelemetry-extension-incubator/1.36.0-alpha/opentelemetry-extension-incubator-1.36.0-alpha.jar:/Users/niyomubyeyialine/.m2/repository/io/opentelemetry/opentelemetry-sdk/1.36.0/opentelemetry-sdk-1.36.0.jar:/Users/niyomubyeyialine/.m2/repository/io/opentelemetry/opentelemetry-sdk-metrics/1.36.0/opentelemetry-sdk-metrics-1.36.0.jar:/Users/niyomubyeyialine/.m2/repository/io/opentelemetry/opentelemetry-sdk-logs/1.36.0/opentelemetry-sdk-logs-1.36.0.jar:/Users/niyomubyeyialine/.m2/repository/org/seleniumhq/selenium/selenium-os/4.19.1/selenium-os-4.19.1.jar:/Users/niyomubyeyialine/.m2/repository/org/apache/commons/commons-exec/1.3/commons-exec-1.3.jar:/Users/niyomubyeyialine/.m2/repository/org/seleniumhq/selenium/selenium-safari-driver/4.19.1/selenium-safari-driver-4.19.1.jar:/Users/niyomubyeyialine/.m2/repository/org/seleniumhq/selenium/selenium-support/4.19.1/selenium-support-4.19.1.jar:/Users/niyomubyeyialine/.m2/repository/org/junit/jupiter/junit-jupiter-engine/5.10.2/junit-jupiter-engine-5.10.2.jar:/Users/niyomubyeyialine/.m2/repository/org/junit/platform/junit-platform-engine/1.10.2/junit-platform-engine-1.10.2.jar:/Users/niyomubyeyialine/.m2/repository/org/apiguardian/apiguardian-api/1.1.2/apiguardian-api-1.1.2.jar:/Users/niyomubyeyialine/.m2/repository/org/junit/jupiter/junit-jupiter-api/5.10.2/junit-jupiter-api-5.10.2.jar:/Users/niyomubyeyialine/.m2/repository/org/opentest4j/opentest4j/1.3.0/opentest4j-1.3.0.jar:/Users/niyomubyeyialine/.m2/repository/org/junit/platform/junit-platform-commons/1.10.2/junit-platform-commons-1.10.2.jar:/Users/niyomubyeyialine/.m2/repository/org/junit/jupiter/junit-jupiter-params/5.10.2/junit-jupiter-params-5.10.2.jar:/Users/niyomubyeyialine/.m2/repository/org/apache/maven/maven-model/3.9.6/maven-model-3.9.6.jar:/Users/niyomubyeyialine/.m2/repository/org/codehaus/plexus/plexus-utils/3.5.1/plexus-utils-3.5.1.jar:/Users/niyomubyeyialine/.m2/repository/io/qameta/allure/allure-junit5/2.27.0/allure-junit5-2.27.0.jar:/Users/niyomubyeyialine/.m2/repository/io/qameta/allure/allure-junit-platform/2.27.0/allure-junit-platform-2.27.0.jar:/Users/niyomubyeyialine/.m2/repository/io/qameta/allure/allure-java-commons/2.27.0/allure-java-commons-2.27.0.jar:/Users/niyomubyeyialine/.m2/repository/io/qameta/allure/allure-model/2.27.0/allure-model-2.27.0.jar:/Users/niyomubyeyialine/.m2/repository/io/qameta/allure/allure-test-filter/2.27.0/allure-test-filter-2.27.0.jar:/Users/niyomubyeyialine/.m2/repository/org/junit/platform/junit-platform-launcher/1.9.2/junit-platform-launcher-1.9.2.jar:/Users/niyomubyeyialine/.m2/repository/ch/qos/logback/logback-classic/1.5.5/logback-classic-1.5.5.jar:/Users/niyomubyeyialine/.m2/repository/ch/qos/logback/logback-core/1.5.5/logback-core-1.5.5.jar:/Users/niyomubyeyialine/.m2/repository/org/slf4j/slf4j-api/2.0.13/slf4j-api-2.0.13.jar:/Users/niyomubyeyialine/.m2/repository/io/github/bonigarcia/webdrivermanager/5.8.0/webdrivermanager-5.8.0.jar:/Users/niyomubyeyialine/.m2/repository/com/google/code/gson/gson/2.10.1/gson-2.10.1.jar:/Users/niyomubyeyialine/.m2/repository/com/github/docker-java/docker-java/3.3.6/docker-java-3.3.6.jar:/Users/niyomubyeyialine/.m2/repository/com/github/docker-java/docker-java-core/3.3.6/docker-java-core-3.3.6.jar:/Users/niyomubyeyialine/.m2/repository/com/github/docker-java/docker-java-api/3.3.6/docker-java-api-3.3.6.jar:/Users/niyomubyeyialine/.m2/repository/com/fasterxml/jackson/core/jackson-annotations/2.10.3/jackson-annotations-2.10.3.jar:/Users/niyomubyeyialine/.m2/repository/com/fasterxml/jackson/core/jackson-databind/2.10.3/jackson-databind-2.10.3.jar:/Users/niyomubyeyialine/.m2/repository/com/fasterxml/jackson/core/jackson-core/2.10.3/jackson-core-2.10.3.jar:/Users/niyomubyeyialine/.m2/repository/org/bouncycastle/bcpkix-jdk18on/1.76/bcpkix-jdk18on-1.76.jar:/Users/niyomubyeyialine/.m2/repository/org/bouncycastle/bcprov-jdk18on/1.76/bcprov-jdk18on-1.76.jar:/Users/niyomubyeyialine/.m2/repository/org/bouncycastle/bcutil-jdk18on/1.76/bcutil-jdk18on-1.76.jar:/Users/niyomubyeyialine/.m2/repository/org/slf4j/jcl-over-slf4j/1.7.30/jcl-over-slf4j-1.7.30.jar:/Users/niyomubyeyialine/.m2/repository/com/github/docker-java/docker-java-transport-httpclient5/3.3.6/docker-java-transport-httpclient5-3.3.6.jar:/Users/niyomubyeyialine/.m2/repository/com/github/docker-java/docker-java-transport/3.3.6/docker-java-transport-3.3.6.jar:/Users/niyomubyeyialine/.m2/repository/net/java/dev/jna/jna/5.13.0/jna-5.13.0.jar:/Users/niyomubyeyialine/.m2/repository/org/brotli/dec/0.1.2/dec-0.1.2.jar:/Users/niyomubyeyialine/.m2/repository/org/apache/commons/commons-lang3/3.14.0/commons-lang3-3.14.0.jar:/Users/niyomubyeyialine/.m2/repository/org/apache/commons/commons-compress/1.26.1/commons-compress-1.26.1.jar:/Users/niyomubyeyialine/.m2/repository/commons-codec/commons-codec/1.16.1/commons-codec-1.16.1.jar:/Users/niyomubyeyialine/.m2/repository/commons-io/commons-io/2.15.1/commons-io-2.15.1.jar:/Users/niyomubyeyialine/.m2/repository/org/apache/httpcomponents/client5/httpclient5/5.2.1/httpclient5-5.2.1.jar:/Users/niyomubyeyialine/.m2/repository/org/apache/httpcomponents/core5/httpcore5/5.2/httpcore5-5.2.jar:/Users/niyomubyeyialine/.m2/repository/org/apache/httpcomponents/core5/httpcore5-h2/5.2/httpcore5-h2-5.2.jar:/Users/niyomubyeyialine/.m2/repository/org/mockito/mockito-core/5.11.0/mockito-core-5.11.0.jar:/Users/niyomubyeyialine/.m2/repository/net/bytebuddy/byte-buddy/1.14.12/byte-buddy-1.14.12.jar:/Users/niyomubyeyialine/.m2/repository/net/bytebuddy/byte-buddy-agent/1.14.12/byte-buddy-agent-1.14.12.jar:/Users/niyomubyeyialine/.m2/repository/org/objenesis/objenesis/3.3/objenesis-3.3.jar:/Users/niyomubyeyialine/.m2/repository/org/mockito/mockito-junit-jupiter/5.11.0/mockito-junit-jupiter-5.11.0.jar:"/>
    <property name="sun.cpu.endian" value="little"/>
    <property name="user.home" value="/Users/niyomubyeyialine"/>
    <property name="user.language" value="en"/>
    <property name="java.specification.vendor" value="Oracle Corporation"/>
    <property name="java.version.date" value="2024-04-16"/>
    <property name="java.home" value="/opt/homebrew/Cellar/openjdk/21.0.3/libexec/openjdk.jdk/Contents/Home"/>
    <property name="file.separator" value="/"/>
    <property name="basedir" value="/Users/niyomubyeyialine/Documents/Development/Automation/Automation-Projects/Automation-JAV-Google-Aline"/>
    <property name="java.vm.compressedOopsMode" value="Zero based"/>
    <property name="line.separator" value="&#10;"/>
    <property name="java.vm.specification.vendor" value="Oracle Corporation"/>
    <property name="java.specification.name" value="Java Platform API Specification"/>
    <property name="apple.awt.application.name" value="ForkedBooter"/>
    <property name="surefire.real.class.path" value="/Users/niyomubyeyialine/Documents/Development/Automation/Automation-Projects/Automation-JAV-Google-Aline/target/surefire/surefirebooter-20240523134826197_3.jar"/>
    <property name="sun.management.compiler" value="HotSpot 64-Bit Tiered Compilers"/>
    <property name="ftp.nonProxyHosts" value="local|*.local|169.254/16|*.169.254/16"/>
    <property name="java.runtime.version" value="21.0.3"/>
    <property name="user.name" value="niyomubyeyialine"/>
    <property name="stdout.encoding" value="UTF-8"/>
    <property name="path.separator" value=":"/>
    <property name="os.version" value="14.4.1"/>
    <property name="java.runtime.name" value="OpenJDK Runtime Environment"/>
    <property name="file.encoding" value="UTF-8"/>
    <property name="java.vm.name" value="OpenJDK 64-Bit Server VM"/>
    <property name="java.vendor.version" value="Homebrew"/>
    <property name="localRepository" value="/Users/niyomubyeyialine/.m2/repository"/>
    <property name="java.vendor.url.bug" value="https://github.com/Homebrew/homebrew-core/issues"/>
    <property name="java.io.tmpdir" value="/var/folders/lp/k165811579l39m_rpf8c47080000gn/T/"/>
    <property name="java.version" value="21.0.3"/>
    <property name="user.dir" value="/Users/niyomubyeyialine/Documents/Development/Automation/Automation-Projects/Automation-JAV-Google-Aline"/>
    <property name="os.arch" value="aarch64"/>
    <property name="java.vm.specification.name" value="Java Virtual Machine Specification"/>
    <property name="native.encoding" value="UTF-8"/>
    <property name="java.library.path" value="/Users/niyomubyeyialine/Library/Java/Extensions:/Library/Java/Extensions:/Network/Library/Java/Extensions:/System/Library/Java/Extensions:/usr/lib/java:."/>
    <property name="java.vm.info" value="mixed mode, sharing"/>
    <property name="stderr.encoding" value="UTF-8"/>
    <property name="java.vendor" value="Homebrew"/>
    <property name="java.vm.version" value="21.0.3"/>
    <property name="sun.io.unicode.encoding" value="UnicodeBig"/>
    <property name="socksNonProxyHosts" value="local|*.local|169.254/16|*.169.254/16"/>
    <property name="java.class.version" value="65.0"/>
  </properties>
  <testcase name="tc_google_search_for_apple" classname="TS_Google_JUnit" time="15.656">
    <failure message="[Fail] - Validated locator: &apos;//div[@class=&apos;microphone&apos;]&apos; does not exist." type="org.opentest4j.AssertionFailedError"><![CDATA[org.opentest4j.AssertionFailedError: [Fail] - Validated locator: '//div[@class='microphone']' does not exist.
	at TS_Google_JUnit.tc_google_search_for_apple(TS_Google_JUnit.java:136)
]]></failure>
    <system-out><![CDATA[
&amp#27;[38;5;208m================================================================================&amp#27;[0m
&amp#27;[38;5;208mTest Suite: TS_Google_JUnit - 05/23/2024 01:48:27 PM - Begin&amp#27;[0m
&amp#27;[38;5;208mConfig Version: 1.5 - POM Version: 1.14 - Framework Version: 2.0.17&amp#27;[0m
&amp#27;[38;5;208m--------------------------------------------------------------------------------&amp#27;[0m

&amp#27;[0;90m- - - - - Synchronizing Browser and WebDriver - - - - - Begin
13:48:27.352 [main] DEBUG io.github.bonigarcia.wdm.WebDriverManager -- Using WebDriverManager 5.8.0
13:48:27.567 [main] DEBUG io.github.bonigarcia.wdm.cache.ResolutionCache -- Removing resolution chrome=125 from cache (expired on Thu May 23 13:05:08 CAT 2024)
13:48:27.578 [main] DEBUG org.apache.hc.client5.http.impl.classic.InternalHttpClient -- ex-0000000001 preparing request execution
13:48:27.585 [main] DEBUG org.apache.hc.client5.http.impl.classic.ProtocolExec -- ex-0000000001 target auth state: UNCHALLENGED
13:48:27.586 [main] DEBUG org.apache.hc.client5.http.impl.classic.ProtocolExec -- ex-0000000001 proxy auth state: UNCHALLENGED
13:48:27.586 [main] DEBUG org.apache.hc.client5.http.impl.classic.ConnectExec -- ex-0000000001 acquiring connection with route {s}->https://raw.githubusercontent.com:443
13:48:27.586 [main] DEBUG org.apache.hc.client5.http.impl.classic.InternalHttpClient -- ex-0000000001 acquiring endpoint (3 MINUTES)
13:48:27.587 [main] DEBUG org.apache.hc.client5.http.impl.io.PoolingHttpClientConnectionManager -- ex-0000000001 endpoint lease request (3 MINUTES) [route: {s}->https://raw.githubusercontent.com:443][total available: 0; route allocated: 0 of 5; total allocated: 0 of 25]
13:48:27.591 [main] DEBUG org.apache.hc.client5.http.impl.io.PoolingHttpClientConnectionManager -- ex-0000000001 endpoint leased [route: {s}->https://raw.githubusercontent.com:443][total available: 0; route allocated: 1 of 5; total allocated: 1 of 25]
13:48:27.600 [main] DEBUG org.apache.hc.client5.http.impl.io.PoolingHttpClientConnectionManager -- ex-0000000001 acquired ep-0000000001
13:48:27.600 [main] DEBUG org.apache.hc.client5.http.impl.classic.InternalHttpClient -- ex-0000000001 acquired endpoint ep-0000000001
13:48:27.600 [main] DEBUG org.apache.hc.client5.http.impl.classic.ConnectExec -- ex-0000000001 opening connection {s}->https://raw.githubusercontent.com:443
13:48:27.600 [main] DEBUG org.apache.hc.client5.http.impl.classic.InternalHttpClient -- ep-0000000001 connecting endpoint (null)
13:48:27.602 [main] DEBUG org.apache.hc.client5.http.impl.io.PoolingHttpClientConnectionManager -- ep-0000000001 connecting endpoint to https://raw.githubusercontent.com:443 (30 SECONDS)
13:48:27.602 [main] DEBUG org.apache.hc.client5.http.impl.io.DefaultHttpClientConnectionOperator -- raw.githubusercontent.com resolving remote address
13:48:27.651 [main] DEBUG org.apache.hc.client5.http.impl.io.DefaultHttpClientConnectionOperator -- raw.githubusercontent.com resolved to [raw.githubusercontent.com/185.199.110.133, raw.githubusercontent.com/185.199.111.133, raw.githubusercontent.com/185.199.109.133, raw.githubusercontent.com/185.199.108.133, raw.githubusercontent.com/2606:50c0:8000:0:0:0:0:154, raw.githubusercontent.com/2606:50c0:8001:0:0:0:0:154, raw.githubusercontent.com/2606:50c0:8002:0:0:0:0:154, raw.githubusercontent.com/2606:50c0:8003:0:0:0:0:154]
13:48:27.661 [main] DEBUG org.apache.hc.client5.http.impl.io.DefaultHttpClientConnectionOperator -- raw.githubusercontent.com:443 connecting null->raw.githubusercontent.com/185.199.110.133:443 (30 SECONDS)
13:48:27.662 [main] DEBUG org.apache.hc.client5.http.ssl.SSLConnectionSocketFactory -- Connecting socket to raw.githubusercontent.com/185.199.110.133:443 with timeout 30 SECONDS
13:48:28.005 [main] DEBUG org.apache.hc.client5.http.ssl.SSLConnectionSocketFactory -- Enabled protocols: [TLSv1.3, TLSv1.2]
13:48:28.005 [main] DEBUG org.apache.hc.client5.http.ssl.SSLConnectionSocketFactory -- Enabled cipher suites: [TLS_AES_256_GCM_SHA384, TLS_AES_128_GCM_SHA256, TLS_CHACHA20_POLY1305_SHA256, TLS_ECDHE_ECDSA_WITH_AES_256_GCM_SHA384, TLS_ECDHE_ECDSA_WITH_AES_128_GCM_SHA256, TLS_ECDHE_ECDSA_WITH_CHACHA20_POLY1305_SHA256, TLS_ECDHE_RSA_WITH_AES_256_GCM_SHA384, TLS_ECDHE_RSA_WITH_CHACHA20_POLY1305_SHA256, TLS_ECDHE_RSA_WITH_AES_128_GCM_SHA256, TLS_DHE_RSA_WITH_AES_256_GCM_SHA384, TLS_DHE_RSA_WITH_CHACHA20_POLY1305_SHA256, TLS_DHE_DSS_WITH_AES_256_GCM_SHA384, TLS_DHE_RSA_WITH_AES_128_GCM_SHA256, TLS_DHE_DSS_WITH_AES_128_GCM_SHA256, TLS_ECDHE_ECDSA_WITH_AES_256_CBC_SHA384, TLS_ECDHE_RSA_WITH_AES_256_CBC_SHA384, TLS_ECDHE_ECDSA_WITH_AES_128_CBC_SHA256, TLS_ECDHE_RSA_WITH_AES_128_CBC_SHA256, TLS_DHE_RSA_WITH_AES_256_CBC_SHA256, TLS_DHE_DSS_WITH_AES_256_CBC_SHA256, TLS_DHE_RSA_WITH_AES_128_CBC_SHA256, TLS_DHE_DSS_WITH_AES_128_CBC_SHA256, TLS_ECDHE_ECDSA_WITH_AES_256_CBC_SHA, TLS_ECDHE_RSA_WITH_AES_256_CBC_SHA, TLS_ECDHE_ECDSA_WITH_AES_128_CBC_SHA, TLS_ECDHE_RSA_WITH_AES_128_CBC_SHA, TLS_DHE_RSA_WITH_AES_256_CBC_SHA, TLS_DHE_DSS_WITH_AES_256_CBC_SHA, TLS_DHE_RSA_WITH_AES_128_CBC_SHA, TLS_DHE_DSS_WITH_AES_128_CBC_SHA, TLS_RSA_WITH_AES_256_GCM_SHA384, TLS_RSA_WITH_AES_128_GCM_SHA256, TLS_RSA_WITH_AES_256_CBC_SHA256, TLS_RSA_WITH_AES_128_CBC_SHA256, TLS_RSA_WITH_AES_256_CBC_SHA, TLS_RSA_WITH_AES_128_CBC_SHA, TLS_EMPTY_RENEGOTIATION_INFO_SCSV]
13:48:28.005 [main] DEBUG org.apache.hc.client5.http.ssl.SSLConnectionSocketFactory -- Starting handshake (null)
13:48:28.418 [main] DEBUG org.apache.hc.client5.http.ssl.SSLConnectionSocketFactory -- Secure session established
13:48:28.418 [main] DEBUG org.apache.hc.client5.http.ssl.SSLConnectionSocketFactory --  negotiated protocol: TLSv1.3
13:48:28.418 [main] DEBUG org.apache.hc.client5.http.ssl.SSLConnectionSocketFactory --  negotiated cipher suite: TLS_AES_128_GCM_SHA256
13:48:28.418 [main] DEBUG org.apache.hc.client5.http.ssl.SSLConnectionSocketFactory --  peer principal: CN=*.github.io, O="GitHub, Inc.", L=San Francisco, ST=California, C=US
13:48:28.419 [main] DEBUG org.apache.hc.client5.http.ssl.SSLConnectionSocketFactory --  peer alternative names: [*.github.io, github.io, githubusercontent.com, www.github.com, *.github.com, *.githubusercontent.com, github.com]
13:48:28.419 [main] DEBUG org.apache.hc.client5.http.ssl.SSLConnectionSocketFactory --  issuer principal: CN=DigiCert Global G2 TLS RSA SHA256 2020 CA1, O=DigiCert Inc, C=US
13:48:28.420 [main] DEBUG org.apache.hc.client5.http.impl.io.DefaultManagedHttpClientConnection -- http-outgoing-0 set socket timeout to 3 MINUTES
13:48:28.420 [main] DEBUG org.apache.hc.client5.http.impl.io.DefaultHttpClientConnectionOperator -- raw.githubusercontent.com:443 connected null->raw.githubusercontent.com/185.199.110.133:443 as http-outgoing-0
13:48:28.420 [main] DEBUG org.apache.hc.client5.http.impl.io.PoolingHttpClientConnectionManager -- ep-0000000001 connected http-outgoing-0
13:48:28.420 [main] DEBUG org.apache.hc.client5.http.impl.classic.InternalHttpClient -- ep-0000000001 endpoint connected
13:48:28.421 [main] DEBUG org.apache.hc.client5.http.impl.classic.MainClientExec -- ex-0000000001 executing GET /bonigarcia/webdrivermanager/master/src/main/resources/commands.properties HTTP/1.1
13:48:28.421 [main] DEBUG org.apache.hc.client5.http.protocol.RequestAddCookies -- ex-0000000001 Cookie spec selected: strict
13:48:28.426 [main] DEBUG org.apache.hc.client5.http.impl.classic.InternalHttpClient -- ep-0000000001 start execution ex-0000000001
13:48:28.427 [main] DEBUG org.apache.hc.client5.http.impl.io.PoolingHttpClientConnectionManager -- ep-0000000001 executing exchange ex-0000000001 over http-outgoing-0
13:48:28.427 [main] DEBUG org.apache.hc.client5.http.headers -- http-outgoing-0 >> GET /bonigarcia/webdrivermanager/master/src/main/resources/commands.properties HTTP/1.1
13:48:28.427 [main] DEBUG org.apache.hc.client5.http.headers -- http-outgoing-0 >> user-agent: Apache-HttpClient/5.0
13:48:28.427 [main] DEBUG org.apache.hc.client5.http.headers -- http-outgoing-0 >> accept-encoding: gzip, deflate, br
13:48:28.427 [main] DEBUG org.apache.hc.client5.http.headers -- http-outgoing-0 >> cache-control: max-age=0
13:48:28.427 [main] DEBUG org.apache.hc.client5.http.headers -- http-outgoing-0 >> connection: keep-alive
13:48:28.427 [main] DEBUG org.apache.hc.client5.http.headers -- http-outgoing-0 >> Host: raw.githubusercontent.com
13:48:28.427 [main] DEBUG org.apache.hc.client5.http.wire -- http-outgoing-0 >> "GET /bonigarcia/webdrivermanager/master/src/main/resources/commands.properties HTTP/1.1[\r][\n]"
13:48:28.427 [main] DEBUG org.apache.hc.client5.http.wire -- http-outgoing-0 >> "user-agent: Apache-HttpClient/5.0[\r][\n]"
13:48:28.427 [main] DEBUG org.apache.hc.client5.http.wire -- http-outgoing-0 >> "accept-encoding: gzip, deflate, br[\r][\n]"
13:48:28.427 [main] DEBUG org.apache.hc.client5.http.wire -- http-outgoing-0 >> "cache-control: max-age=0[\r][\n]"
13:48:28.427 [main] DEBUG org.apache.hc.client5.http.wire -- http-outgoing-0 >> "connection: keep-alive[\r][\n]"
13:48:28.427 [main] DEBUG org.apache.hc.client5.http.wire -- http-outgoing-0 >> "Host: raw.githubusercontent.com[\r][\n]"
13:48:28.427 [main] DEBUG org.apache.hc.client5.http.wire -- http-outgoing-0 >> "[\r][\n]"
13:48:28.785 [main] DEBUG org.apache.hc.client5.http.wire -- http-outgoing-0 << "HTTP/1.1 200 OK[\r][\n]"
13:48:28.786 [main] DEBUG org.apache.hc.client5.http.wire -- http-outgoing-0 << "Connection: keep-alive[\r][\n]"
13:48:28.786 [main] DEBUG org.apache.hc.client5.http.wire -- http-outgoing-0 << "Content-Length: 745[\r][\n]"
13:48:28.786 [main] DEBUG org.apache.hc.client5.http.wire -- http-outgoing-0 << "Cache-Control: max-age=300[\r][\n]"
13:48:28.786 [main] DEBUG org.apache.hc.client5.http.wire -- http-outgoing-0 << "Content-Security-Policy: default-src 'none'; style-src 'unsafe-inline'; sandbox[\r][\n]"
13:48:28.786 [main] DEBUG org.apache.hc.client5.http.wire -- http-outgoing-0 << "Content-Type: text/plain; charset=utf-8[\r][\n]"
13:48:28.787 [main] DEBUG org.apache.hc.client5.http.wire -- http-outgoing-0 << "ETag: W/"dd41edff335272162022217759820159dac501cff56850e2510f504462cd9b5f"[\r][\n]"
13:48:28.787 [main] DEBUG org.apache.hc.client5.http.wire -- http-outgoing-0 << "Strict-Transport-Security: max-age=31536000[\r][\n]"
13:48:28.787 [main] DEBUG org.apache.hc.client5.http.wire -- http-outgoing-0 << "X-Content-Type-Options: nosniff[\r][\n]"
13:48:28.787 [main] DEBUG org.apache.hc.client5.http.wire -- http-outgoing-0 << "X-Frame-Options: deny[\r][\n]"
13:48:28.787 [main] DEBUG org.apache.hc.client5.http.wire -- http-outgoing-0 << "X-XSS-Protection: 1; mode=block[\r][\n]"
13:48:28.787 [main] DEBUG org.apache.hc.client5.http.wire -- http-outgoing-0 << "X-GitHub-Request-Id: 7FFE:192740:8F9E8:F6992:6649E488[\r][\n]"
13:48:28.787 [main] DEBUG org.apache.hc.client5.http.wire -- http-outgoing-0 << "Content-Encoding: gzip[\r][\n]"
13:48:28.787 [main] DEBUG org.apache.hc.client5.http.wire -- http-outgoing-0 << "Accept-Ranges: bytes[\r][\n]"
13:48:28.787 [main] DEBUG org.apache.hc.client5.http.wire -- http-outgoing-0 << "Date: Thu, 23 May 2024 11:48:28 GMT[\r][\n]"
13:48:28.787 [main] DEBUG org.apache.hc.client5.http.wire -- http-outgoing-0 << "Via: 1.1 varnish[\r][\n]"
13:48:28.787 [main] DEBUG org.apache.hc.client5.http.wire -- http-outgoing-0 << "X-Served-By: cache-cpt13822-CPT[\r][\n]"
13:48:28.787 [main] DEBUG org.apache.hc.client5.http.wire -- http-outgoing-0 << "X-Cache: HIT[\r][\n]"
13:48:28.787 [main] DEBUG org.apache.hc.client5.http.wire -- http-outgoing-0 << "X-Cache-Hits: 2[\r][\n]"
13:48:28.787 [main] DEBUG org.apache.hc.client5.http.wire -- http-outgoing-0 << "X-Timer: S1716464909.889853,VS0,VE0[\r][\n]"
13:48:28.787 [main] DEBUG org.apache.hc.client5.http.wire -- http-outgoing-0 << "Vary: Authorization,Accept-Encoding,Origin[\r][\n]"
13:48:28.788 [main] DEBUG org.apache.hc.client5.http.wire -- http-outgoing-0 << "Access-Control-Allow-Origin: *[\r][\n]"
13:48:28.788 [main] DEBUG org.apache.hc.client5.http.wire -- http-outgoing-0 << "Cross-Origin-Resource-Policy: cross-origin[\r][\n]"
13:48:28.788 [main] DEBUG org.apache.hc.client5.http.wire -- http-outgoing-0 << "X-Fastly-Request-ID: 2abccd3ca69587c6fb8e12ba3f5a4faa0b19b2f6[\r][\n]"
13:48:28.788 [main] DEBUG org.apache.hc.client5.http.wire -- http-outgoing-0 << "Expires: Thu, 23 May 2024 11:53:28 GMT[\r][\n]"
13:48:28.788 [main] DEBUG org.apache.hc.client5.http.wire -- http-outgoing-0 << "Source-Age: 193[\r][\n]"
13:48:28.788 [main] DEBUG org.apache.hc.client5.http.wire -- http-outgoing-0 << "[\r][\n]"
13:48:28.794 [main] DEBUG org.apache.hc.client5.http.headers -- http-outgoing-0 << HTTP/1.1 200 OK
13:48:28.794 [main] DEBUG org.apache.hc.client5.http.headers -- http-outgoing-0 << Connection: keep-alive
13:48:28.794 [main] DEBUG org.apache.hc.client5.http.headers -- http-outgoing-0 << Content-Length: 745
13:48:28.794 [main] DEBUG org.apache.hc.client5.http.headers -- http-outgoing-0 << Cache-Control: max-age=300
13:48:28.794 [main] DEBUG org.apache.hc.client5.http.headers -- http-outgoing-0 << Content-Security-Policy: default-src 'none'; style-src 'unsafe-inline'; sandbox
13:48:28.794 [main] DEBUG org.apache.hc.client5.http.headers -- http-outgoing-0 << Content-Type: text/plain; charset=utf-8
13:48:28.794 [main] DEBUG org.apache.hc.client5.http.headers -- http-outgoing-0 << ETag: W/"dd41edff335272162022217759820159dac501cff56850e2510f504462cd9b5f"
13:48:28.794 [main] DEBUG org.apache.hc.client5.http.headers -- http-outgoing-0 << Strict-Transport-Security: max-age=31536000
13:48:28.794 [main] DEBUG org.apache.hc.client5.http.headers -- http-outgoing-0 << X-Content-Type-Options: nosniff
13:48:28.794 [main] DEBUG org.apache.hc.client5.http.headers -- http-outgoing-0 << X-Frame-Options: deny
13:48:28.794 [main] DEBUG org.apache.hc.client5.http.headers -- http-outgoing-0 << X-XSS-Protection: 1; mode=block
13:48:28.795 [main] DEBUG org.apache.hc.client5.http.headers -- http-outgoing-0 << X-GitHub-Request-Id: 7FFE:192740:8F9E8:F6992:6649E488
13:48:28.795 [main] DEBUG org.apache.hc.client5.http.headers -- http-outgoing-0 << Content-Encoding: gzip
13:48:28.795 [main] DEBUG org.apache.hc.client5.http.headers -- http-outgoing-0 << Accept-Ranges: bytes
13:48:28.795 [main] DEBUG org.apache.hc.client5.http.headers -- http-outgoing-0 << Date: Thu, 23 May 2024 11:48:28 GMT
13:48:28.795 [main] DEBUG org.apache.hc.client5.http.headers -- http-outgoing-0 << Via: 1.1 varnish
13:48:28.795 [main] DEBUG org.apache.hc.client5.http.headers -- http-outgoing-0 << X-Served-By: cache-cpt13822-CPT
13:48:28.795 [main] DEBUG org.apache.hc.client5.http.headers -- http-outgoing-0 << X-Cache: HIT
13:48:28.795 [main] DEBUG org.apache.hc.client5.http.headers -- http-outgoing-0 << X-Cache-Hits: 2
13:48:28.795 [main] DEBUG org.apache.hc.client5.http.headers -- http-outgoing-0 << X-Timer: S1716464909.889853,VS0,VE0
13:48:28.795 [main] DEBUG org.apache.hc.client5.http.headers -- http-outgoing-0 << Vary: Authorization,Accept-Encoding,Origin
13:48:28.795 [main] DEBUG org.apache.hc.client5.http.headers -- http-outgoing-0 << Access-Control-Allow-Origin: *
13:48:28.795 [main] DEBUG org.apache.hc.client5.http.headers -- http-outgoing-0 << Cross-Origin-Resource-Policy: cross-origin
13:48:28.795 [main] DEBUG org.apache.hc.client5.http.headers -- http-outgoing-0 << X-Fastly-Request-ID: 2abccd3ca69587c6fb8e12ba3f5a4faa0b19b2f6
13:48:28.795 [main] DEBUG org.apache.hc.client5.http.headers -- http-outgoing-0 << Expires: Thu, 23 May 2024 11:53:28 GMT
13:48:28.795 [main] DEBUG org.apache.hc.client5.http.headers -- http-outgoing-0 << Source-Age: 193
13:48:28.800 [main] DEBUG org.apache.hc.client5.http.impl.classic.MainClientExec -- ex-0000000001 connection can be kept alive for 3 MINUTES
13:48:28.812 [main] DEBUG org.apache.hc.client5.http.wire -- http-outgoing-0 << "[0x1f][0xffffff8b][0x8][0x0][0x0][0x0][0x0][0x0][0x0][0x3][0xffffffb5]W]o[0xffffffda]0[0x14]}[0xffffffe7]W\QUj% [0x1b][0xffffffad][0xffffffa6]i[0x12][0xf]4c[0xffffffdd]4*[0x18][0xffffffb4][0xffffffdd]&[0xfffffff9][0xffffffc5]$N[0xffffffb0][0xffffff94][0xffffffd8][0xffffffc8]NJ[0xffffffb7]_?[0xffffffdb][0xfffffff9]X[0xffffff92]:[0xffffffa3]k[0xffffffe8][0x1b][0xffffffb6][0xffffffef]=[0xffffffe7][0xffffffd8][0xfffffff7][0xffffffe4][0xffffffda][0xffffff9c][0xffffff80][0xffffffcb][0xffffffe3][0x18]3_[0xffffff82][0xffffff8f][0x13][0xffffffbc][0xffffffc1][0xffffff92][0xfffffff4]N[0xffffffe0]vK%[0x4]4"[0xffffffe0]q[0xffffff96]`[0xffffffca]$$[=[0xffffffc8]C[0x13][0xe][0x1b][0x2][0xffffffe4][0xffffff91]xiB|[0xffffffa0][0xffffffcc],[0xffffffcb]-[0xffffff89]"=[0xffffffe0][0xffffffc2]'B[0x7][0xfffffff9]$!^b[0x16][0x1f][0xffffff88][0xffffff90][0xffffff94][0xffffffab][0xffffffb5][0x0][0xffffff88][0xfffffffa][0x1d][\n]"
13:48:28.812 [main] DEBUG org.apache.hc.client5.http.wire -- http-outgoing-0 << "B[0x18]l[0x4][0xffffffdf]K[0xffffffb5][0xffffffa0]([0xffffffcf][0xffffffdc][0xffffffad][0xffffffe0]1[0x19][0xffffffc0]'*H[0xffffffc0][0x1f][0x7][0xffffffb0][0xffffffd8][0x11][0xffffff81][0x7]0[0xfffffff3]C5kVi[0x1a][0xffffff9f]k|[0xffffff9f][0x6][0x1][0x11][0xffffff84]%[0xffffffc0]uLBY[0x8][0xfffffff2][0xffffff97]LH,[0xffffffe1][0xffffffec];e[0xffffffbe]B[0x1d][0xffffffc0][0xffffff9c][0xffffffb2]T[0xffffffc1][0xffffffdc]`[0xf][0x16][0xffffffeb][0xfffffff3][0xffffff9e][0xffffffe2][0xffffffc8](z[0xfffffff9]6F[0xffffff9e][0x19][0xffffff8e][0xfffffff6]Y[0xffffffc2][0xffffffe8][0xffffffcd][0xffffffdb][0xffffff89][0x17][0xfffffffb]#[0xffffffb5]+p\[0xffffffd8][0xffffffc7][0xffffffd4]3Gb[0xffffff8e]a[0xffffffbf]U|[0xffffffc0]pL&[0xfffffffd][0xffffffd3][0xffffffe5]jq[0xffffffbd][0xffffff9a][0xffffffde]|[0xfffffffa]2[0xffffff9f][0xffffffad]?[0xffffffa0][0x9]B[0xffffffa7][0x8]]s[0x1e]F[0x4][0xffffffa1][0xffffff8c][0x2][0xffffffa1][0xffffffe9]n[0x17]QOI[0xffffffe3][0xc][0xffffffa1][0xffffff9c]H![0xfffffff7]!$[0x9][0xffffffdc][0xffffffe7]g[0xffffffe1]<[0xffffffe0](m[0xffffffd7]3~[0xffffff81][0xffffff9e][0xffffffb3][0x1f][0xffffffef][0xffffffdf][0xffffff9d][0xffffffbf][0xffffffa6][0xffffffa8][0xffffff8b]g[0xffffff8a][0xffffff9a]/[0xffffffdc][0xffffffe9]|[0xffffffba]\~[0xffffff9c][0xffffffde]N_S[0xffffffcf][0xffffffe5]d5[0xffffffbb][0xffffff86]ow[0xffffffb3][0xffffffd5]O[0xfffffff8][0xfffffffc][0xffffffd5][0xffffffbd]Ck[0x1e]${,H[0xffffffc1][0xffffff96][0xffffff93]][0xffffffcd][0xffffffaf][0x8][0xfffffff6][0xc]^[0xffffffe1][0xffffffc5]^[0x13]4[0xffffffd2][0xffffff8e][0xffffffd1]>pR)[0xffffff9c][\r]eNh0[0xffffff86][0xffffffd9]:[0xc][0xffffff87]E[0xffffffa6]=q<i[0xffffff8b]o&[0xffffffc4][0xffffffd8]3<[0xffffff95][0x13][0xffffff90]N&8w[0xffffffe9][0x8][0xffffffef]v[0xffffff8e][0xffffffab][0xffffffbe]>es[0xffffffe9]([0x13]/[0xffffffd6][0xfffffff5][0xffffff80]*[0xffffffba][0xfffffff2]v[0xfffffffe][0xffffffd9][0xffffff94]DA6>[0xffffff8e][0xffffffbb]o[0xfffffff8]o[0x1a]E[0xffffffb8] A[0xffffffa8]@?T[0xffffffad]'*:{[0xfffffffa]xR.*[0xffffffce][0xffffffe9][0xffffffd7][0xffffffad][0xffffff93][0xffffff93]4[0xffffffc9][0xfffffffa][0xffffffda]<n*t[0xffffffeb][0xffffffb9]oV[0xffffffb6][0xffffffc0]/M[0xffffff94]O[0xffffffc0][0xfffffff0][0xffffffe1]i[0xffffff90][0xffffffb5][0xfffffffe]9[0xffffff8b][0xffffffad][0xfffffff2]U,Ul[0xffffffdd][0x13]KL[0xffffffa2][0x6][0xffffffdd][0xffffffca]\?`[0xffffffea][0x9].[0xffffffd5]I [0xffffffa4]i[0x1a]_i,[\r][0xffffffdd][0xffffffa1][0xffffffc3][0xffffffae]kzI[0xffffffd1]_Q[0xffffffce]Ek[0xffffffcb][0xfffffff8]Kf[0xffffffb8][0xfffffffe][0xffffffd9]3[0xc][0xffffffe6][0xffffffd3][0xffffff8e][0x11][0x17][0x10]C[0x1d]`i[0x19][0xffffffd5][0xffffffbc][0xfffffff1][0xffffffa4]5[0xffffffbc][0x1e]o[0xfffffff5]K[0xffffffa9][0xffffffd6][0xfffffff8][0xffffffc1]f[0xffffff9b]z[0x4][0xffffffd4][0x1a][0xffffff86][0xffffffb9]^K[0x16]s[0xffffff91][0xfffffffe][0xffffffbf][0xffffff8b]l]~)x(p,[0x11]2[0x14][0x8]E8e[0xffffff9e][0xffffffca]:X[0xffffffa6][0xffffff86][0xffffff88].[0xffffffb6]9[0xffffff9a][0xffffff88].[0xfffffff7]]G[0xffffffea][0xffffffcb][0xe][0xfffffffb][0x7f].u[0xffffff83][0xffffffbb][0xfffffff4][0xffffffb3][0x19][0xffffffda][0xffffffec][0xffffff98][0xffffffc5]Y[0xfffffffd]h8m6\4[0xffffffc1][0xffffff8a][0xffffffb7][0xffffff98]z[0xffffffd0][0xffffffd5]oF5q[0x1c][0x13][0x16][0xfffffff0][0x1d][0x1e][0x19]5-[0xffffff9d][0xffffffef][0xffffffad]c[0xb]z[0xffffffae]/m[0xffffffe6]8[0xffffffb6][0xffffff96][0xfffffff6]7X[0xffffffc9]t[0xfffffff8][0xfffffff9][0xffffffa5][0x11]K[0xfffffffb][0x15]3[0xffffffc3][0xfffffffc][0x1f]B[0xffffffdb][0xffffffd3][0xffffffab][0xffffff92]4.[0xffffff93]Z[0xffffffdf]]:[0xffffffda][0xffffffea][0xffffffdc]B[0xffffffa6][0xffffffcd][0xffffffbc][0xffffffae][0x5][0xfffffff5][0x4][0xffffffd6]8[0xffffffc0][0xffffff82][0xffffff96][0xfffffff0][0xffffffd2][0xc][0xffffffed][0xffffffe0]Y[0xffffffa8][\r]:[[0xffffffa9][0x0][0xffffffff][0x1][0xfffffff8][0x15][0xffffffb4][0xffffffee][0xffffff8e][\r][0x0][0x0]"
13:48:28.813 [main] DEBUG org.apache.hc.client5.http.impl.classic.InternalHttpClient -- ep-0000000001 releasing valid endpoint
13:48:28.814 [main] DEBUG org.apache.hc.client5.http.impl.io.PoolingHttpClientConnectionManager -- ep-0000000001 releasing endpoint
13:48:28.814 [main] DEBUG org.apache.hc.client5.http.impl.io.PoolingHttpClientConnectionManager -- ep-0000000001 connection http-outgoing-0 can be kept alive for 3 MINUTES
13:48:28.814 [main] DEBUG org.apache.hc.client5.http.impl.io.PoolingHttpClientConnectionManager -- ep-0000000001 connection released [route: {s}->https://raw.githubusercontent.com:443][total available: 1; route allocated: 1 of 5; total allocated: 1 of 25]
13:48:28.814 [main] DEBUG io.github.bonigarcia.wdm.versions.VersionDetector -- Detecting chrome version using online commands.properties
13:48:28.815 [main] DEBUG io.github.bonigarcia.wdm.versions.Shell -- Running command on the shell: [/Applications/Google Chrome.app/Contents/MacOS/Google Chrome, --version]
13:48:28.849 [main] DEBUG io.github.bonigarcia.wdm.versions.Shell -- Result: Google Chrome 125.0.6422.76
13:48:28.850 [main] DEBUG io.github.bonigarcia.wdm.cache.ResolutionCache -- Resolution chrome125=125.0.6422.76 in cache (valid until 10:49:32 24/05/2024 CAT)
13:48:28.850 [main] INFO io.github.bonigarcia.wdm.WebDriverManager -- Using chromedriver 125.0.6422.76 (resolved driver for Chrome 125)
13:48:28.851 [main] DEBUG io.github.bonigarcia.wdm.cache.ResolutionCache -- Storing resolution chrome=125 in cache (valid until 14:48:28 23/05/2024 CAT)
13:48:28.863 [main] DEBUG io.github.bonigarcia.wdm.WebDriverManager -- Driver chromedriver 125.0.6422.76 found in cache
13:48:28.863 [main] INFO io.github.bonigarcia.wdm.WebDriverManager -- Exporting webdriver.chrome.driver as /Users/niyomubyeyialine/.cache/selenium/chromedriver/mac-arm64/125.0.6422.76/chromedriver
&amp#27;[0;90m- - - - - Synchronizing Browser and WebDriver - - - - - End&amp#27;[0m

&amp#27;[0;34m - - - - Test Case: TC - Google - Search for Tom and Jerry - 05/23/2024 01:48:33 PM - Begin - - -&amp#27;[0m
&amp#27;[0;32m[Pass] - Navigated to URL: 'https://www.google.com'.&amp#27;[0m
&amp#27;[0;32m[Pass] - Validated locator: '//a[@aria-label='Google apps']' exists.&amp#27;[0m
&amp#27;[0;32m[Pass] - Successfully entered 'Tom and jerry' into locator: '//textarea[@name='q']'.&amp#27;[0m
&amp#27;[0;32m[Pass] - Clicked locator: '//div[@class='FPdoLc lJ9FBc']//input[@value='Google Search']'.&amp#27;[0m
&amp#27;[0;31m[Fail] - Validated locator: '//div[@class='microphone']' does not exist.&amp#27;[0m
&amp#27;[38;5;94m[Screenshot] - Fail_1716464929194.png&amp#27;[0m
]]></system-out>
    <system-err><![CDATA[May 23, 2024 1:48:34 PM org.openqa.selenium.devtools.CdpVersionFinder findNearestMatch
WARNING: Unable to find an exact match for CDP version 125, returning the closest version; found: 123; Please update to a Selenium version that supports CDP version 125
]]></system-err>
  </testcase>
  <testcase name="tc_google_search_for_Phones" classname="TS_Google_JUnit" time="3.422">
    <system-out><![CDATA[
&amp#27;[0;34m - - - - Test Case: TC - Google - Search for phones - 05/23/2024 01:48:54 PM - Begin - - -&amp#27;[0m
&amp#27;[0;32m[Pass] - Navigated to URL: 'https://www.google.com'.&amp#27;[0m
&amp#27;[0;32m[Pass] - Validated locator: '//a[@aria-label='Google apps']' exists.&amp#27;[0m
&amp#27;[0;32m[Pass] - Clicked locator: '//div[@aria-label='Search by voice']'.&amp#27;[0m
&amp#27;[0;32m[Pass] - Validated locator: '//a[@aria-label='Google apps']' exists.&amp#27;[0m
]]></system-out>
    <system-err><![CDATA[May 23, 2024 1:48:55 PM org.openqa.selenium.devtools.CdpVersionFinder findNearestMatch
WARNING: Unable to find an exact match for CDP version 125, returning the closest version; found: 123; Please update to a Selenium version that supports CDP version 125
]]></system-err>
  </testcase>
  <testcase name="tc_google_gmail" classname="TS_Google_JUnit" time="12.889">
    <system-out><![CDATA[
&amp#27;[0;34m - - - - Test Case: TC - Google - gmail - 05/23/2024 01:48:57 PM - Begin - - -&amp#27;[0m
&amp#27;[0;32m[Pass] - Navigated to URL: 'https://www.google.com'.&amp#27;[0m
&amp#27;[0;32m[Pass] - Validated locator: '//a[@aria-label='Google apps']' exists.&amp#27;[0m
&amp#27;[0;32m[Pass] - Clicked locator: '//a[contains(text(),'Gmail')]'.&amp#27;[0m
&amp#27;[0;32m[Pass] - Validated locator: '//a[contains(text(),'Sign in')]' exists.&amp#27;[0m
&amp#27;[0;32m[Pass] - Clicked locator: '//a[contains(text(),'Sign in')]'.&amp#27;[0m
&amp#27;[0;32m[Pass] - Validated locator: '//span[contains(text(),'to continue to Gmail')]' exists.&amp#27;[0m
&amp#27;[0;32m[Pass] - PO_Signin - Successfully entered 'aline@muraho.tech' into locator: '//input[@type='email']'.&amp#27;[0m
&amp#27;[0;32m[Pass] - Clicked locator: '//span[contains(text(),'Next')]'.&amp#27;[0m
&amp#27;[0;32m[Pass] - Validated locator: '//span[contains(text(),'to continue to Gmail')]' exists.&amp#27;[0m
]]></system-out>
    <system-err><![CDATA[May 23, 2024 1:48:59 PM org.openqa.selenium.devtools.CdpVersionFinder findNearestMatch
WARNING: Unable to find an exact match for CDP version 125, returning the closest version; found: 123; Please update to a Selenium version that supports CDP version 125
]]></system-err>
  </testcase>
</testsuite>